
> backend@1.0.0 dev /app/apps/backend
> nodemon server.js

[33m[nodemon] 3.1.10[39m
[33m[nodemon] to restart at any time, enter `rs`[39m
[33m[nodemon] watching path(s): *.*[39m
[33m[nodemon] watching extensions: js,mjs,cjs,json[39m
[32m[nodemon] starting `node server.js`[39m
node:internal/modules/esm/resolve:1000
    throw error;
    ^

Error [ERR_MODULE_NOT_FOUND]: Cannot find module '/app/packages/shared/dist/business/services/ProductService' imported from /app/packages/shared/dist/routes/products.enhanced.js
    at finalizeResolution (node:internal/modules/esm/resolve:275:11)
    at moduleResolve (node:internal/modules/esm/resolve:860:10)
    at defaultResolve (node:internal/modules/esm/resolve:984:11)
    at ModuleLoader.defaultResolve (node:internal/modules/esm/loader:780:12)
    at #cachedDefaultResolve (node:internal/modules/esm/loader:704:25)
    at #resolveAndMaybeBlockOnLoaderThread (node:internal/modules/esm/loader:739:38)
    at ModuleLoader.resolveSync (node:internal/modules/esm/loader:762:52)
    at #cachedResolveSync (node:internal/modules/esm/loader:723:25)
    at ModuleLoader.getModuleJobForRequire (node:internal/modules/esm/loader:451:50)
    at new ModuleJobSync (node:internal/modules/esm/module_job:379:34) {
  code: 'ERR_MODULE_NOT_FOUND',
  url: 'file:///app/packages/shared/dist/business/services/ProductService'
}

Node.js v22.17.1
[31m[nodemon] app crashed - waiting for file changes before starting...[39m
